E:\CIST\논문\[2011. NO02. FLASH MEMORY PAGE ANALYSIS]\FRAG_INSIGHT\FRAG_INSIGHT\DEBUG\FRAG_INSIGHT.EXE
E:\CIST\논문\[2011. NO02. FLASH MEMORY PAGE ANALYSIS]\FRAG_INSIGHT\FRAG_INSIGHT\DEBUG\FRAG_INSIGHT.ILK
E:\CIST\논문\[2011. NO02. FLASH MEMORY PAGE ANALYSIS]\FRAG_INSIGHT\FRAG_INSIGHT\DEBUG\FRAG_INSIGHT.PDB
E:\CIST\논문\[2011. No02. Flash Memory Page Analysis]\frag_insight\frag_insight\frag_insight\Debug\cl.command.1.tlog
E:\CIST\논문\[2011. No02. Flash Memory Page Analysis]\frag_insight\frag_insight\frag_insight\Debug\CL.read.1.tlog
E:\CIST\논문\[2011. No02. Flash Memory Page Analysis]\frag_insight\frag_insight\frag_insight\Debug\CL.write.1.tlog
E:\CIST\논문\[2011. NO02. FLASH MEMORY PAGE ANALYSIS]\FRAG_INSIGHT\FRAG_INSIGHT\FRAG_INSIGHT\DEBUG\EVALUATION.OBJ
E:\CIST\논문\[2011. NO02. FLASH MEMORY PAGE ANALYSIS]\FRAG_INSIGHT\FRAG_INSIGHT\FRAG_INSIGHT\DEBUG\FRAG_INSIGHT.EXE.EMBED.MANIFEST
E:\CIST\논문\[2011. NO02. FLASH MEMORY PAGE ANALYSIS]\FRAG_INSIGHT\FRAG_INSIGHT\FRAG_INSIGHT\DEBUG\FRAG_INSIGHT.EXE.EMBED.MANIFEST.RES
E:\CIST\논문\[2011. NO02. FLASH MEMORY PAGE ANALYSIS]\FRAG_INSIGHT\FRAG_INSIGHT\FRAG_INSIGHT\DEBUG\FRAG_INSIGHT.EXE.INTERMEDIATE.MANIFEST
E:\CIST\논문\[2011. NO02. FLASH MEMORY PAGE ANALYSIS]\FRAG_INSIGHT\FRAG_INSIGHT\FRAG_INSIGHT\DEBUG\FRAG_INSIGHT.OBJ
E:\CIST\논문\[2011. NO02. FLASH MEMORY PAGE ANALYSIS]\FRAG_INSIGHT\FRAG_INSIGHT\FRAG_INSIGHT\DEBUG\FRAG_INSIGHT.PCH
E:\CIST\논문\[2011. No02. Flash Memory Page Analysis]\frag_insight\frag_insight\frag_insight\Debug\frag_insight_manifest.rc
E:\CIST\논문\[2011. No02. Flash Memory Page Analysis]\frag_insight\frag_insight\frag_insight\Debug\link.9012.read.1.tlog
E:\CIST\논문\[2011. No02. Flash Memory Page Analysis]\frag_insight\frag_insight\frag_insight\Debug\link.9012.write.1.tlog
E:\CIST\논문\[2011. No02. Flash Memory Page Analysis]\frag_insight\frag_insight\frag_insight\Debug\link.9012-cvtres.read.1.tlog
E:\CIST\논문\[2011. No02. Flash Memory Page Analysis]\frag_insight\frag_insight\frag_insight\Debug\link.9012-cvtres.write.1.tlog
E:\CIST\논문\[2011. No02. Flash Memory Page Analysis]\frag_insight\frag_insight\frag_insight\Debug\link.command.1.tlog
E:\CIST\논문\[2011. No02. Flash Memory Page Analysis]\frag_insight\frag_insight\frag_insight\Debug\link.read.1.tlog
E:\CIST\논문\[2011. No02. Flash Memory Page Analysis]\frag_insight\frag_insight\frag_insight\Debug\link.write.1.tlog
E:\CIST\논문\[2011. No02. Flash Memory Page Analysis]\frag_insight\frag_insight\frag_insight\Debug\link-cvtres.read.1.tlog
E:\CIST\논문\[2011. No02. Flash Memory Page Analysis]\frag_insight\frag_insight\frag_insight\Debug\link-cvtres.write.1.tlog
E:\CIST\논문\[2011. No02. Flash Memory Page Analysis]\frag_insight\frag_insight\frag_insight\Debug\mt.command.1.tlog
E:\CIST\논문\[2011. No02. Flash Memory Page Analysis]\frag_insight\frag_insight\frag_insight\Debug\mt.read.1.tlog
E:\CIST\논문\[2011. No02. Flash Memory Page Analysis]\frag_insight\frag_insight\frag_insight\Debug\mt.write.1.tlog
E:\CIST\논문\[2011. NO02. FLASH MEMORY PAGE ANALYSIS]\FRAG_INSIGHT\FRAG_INSIGHT\FRAG_INSIGHT\DEBUG\PAGEANALYZER.OBJ
E:\CIST\논문\[2011. NO02. FLASH MEMORY PAGE ANALYSIS]\FRAG_INSIGHT\FRAG_INSIGHT\FRAG_INSIGHT\DEBUG\PAGECLASSIFIER.OBJ
E:\CIST\논문\[2011. No02. Flash Memory Page Analysis]\frag_insight\frag_insight\frag_insight\Debug\rc.command.1.tlog
E:\CIST\논문\[2011. No02. Flash Memory Page Analysis]\frag_insight\frag_insight\frag_insight\Debug\rc.read.1.tlog
E:\CIST\논문\[2011. No02. Flash Memory Page Analysis]\frag_insight\frag_insight\frag_insight\Debug\rc.write.1.tlog
E:\CIST\논문\[2011. NO02. FLASH MEMORY PAGE ANALYSIS]\FRAG_INSIGHT\FRAG_INSIGHT\FRAG_INSIGHT\DEBUG\RECORDPAGEEXTRACTOR.OBJ
E:\CIST\논문\[2011. NO02. FLASH MEMORY PAGE ANALYSIS]\FRAG_INSIGHT\FRAG_INSIGHT\FRAG_INSIGHT\DEBUG\RTEST.OBJ
E:\CIST\논문\[2011. NO02. FLASH MEMORY PAGE ANALYSIS]\FRAG_INSIGHT\FRAG_INSIGHT\FRAG_INSIGHT\DEBUG\SHA1.OBJ
E:\CIST\논문\[2011. NO02. FLASH MEMORY PAGE ANALYSIS]\FRAG_INSIGHT\FRAG_INSIGHT\FRAG_INSIGHT\DEBUG\SQLITERECOVER.OBJ
E:\CIST\논문\[2011. NO02. FLASH MEMORY PAGE ANALYSIS]\FRAG_INSIGHT\FRAG_INSIGHT\FRAG_INSIGHT\DEBUG\STDAFX.OBJ
E:\CIST\논문\[2011. NO02. FLASH MEMORY PAGE ANALYSIS]\FRAG_INSIGHT\FRAG_INSIGHT\FRAG_INSIGHT\DEBUG\UTILS.OBJ
E:\CIST\논문\[2011. No02. Flash Memory Page Analysis]\frag_insight\frag_insight\frag_insight\Debug\vc100.idb
E:\CIST\논문\[2011. NO02. FLASH MEMORY PAGE ANALYSIS]\FRAG_INSIGHT\FRAG_INSIGHT\FRAG_INSIGHT\DEBUG\VC100.PDB
